

Microchip MPLAB XC8 Assembler V2.32 build 20210201212658 
                                                                                               Mon Aug 30 13:07:59 2021

Microchip MPLAB XC8 C Compiler v2.32 (Free license) build 20210201212658 Og1 
     1                           	processor	16F887
     2                           	pagewidth 120
     3                           	opt	flic
     4                           	psect	strings,global,class=STRING,delta=2,noexec
     5                           	psect	cinit,global,class=CODE,merge=1,delta=2
     6                           	psect	cstackCOMMON,global,class=COMMON,space=1,delta=1,noexec
     7                           	psect	maintext,global,class=CODE,split=1,delta=2
     8                           	psect	text1,local,class=CODE,merge=1,delta=2
     9                           	psect	text2,local,class=CODE,merge=1,delta=2
    10                           	psect	text3,local,class=CODE,merge=1,delta=2
    11                           	psect	text4,local,class=CODE,merge=1,delta=2
    12                           	psect	text5,local,class=CODE,merge=1,delta=2
    13                           	psect	text6,local,class=CODE,merge=1,delta=2
    14                           	psect	text7,local,class=CODE,merge=1,delta=2
    15                           	psect	text8,local,class=CODE,merge=1,delta=2
    16                           	psect	text9,local,class=CODE,merge=1,delta=2
    17                           	psect	intentry,global,class=CODE,delta=2
    18                           	psect	config,global,abs,ovrld,class=CONFIG,space=4,delta=2,noexec
    19                           	dabs	1,0x7E,2
    20  0000                     
    21                           ; Version 2.20
    22                           ; Generated 12/02/2020 GMT
    23                           ; 
    24                           ; Copyright © 2020, Microchip Technology Inc. and its subsidiaries ("Microchip")
    25                           ; All rights reserved.
    26                           ; 
    27                           ; This software is developed by Microchip Technology Inc. and its subsidiaries ("Microch
      +                          ip").
    28                           ; 
    29                           ; Redistribution and use in source and binary forms, with or without modification, are
    30                           ; permitted provided that the following conditions are met:
    31                           ; 
    32                           ;     1. Redistributions of source code must retain the above copyright notice, this lis
      +                          t of
    33                           ;        conditions and the following disclaimer.
    34                           ; 
    35                           ;     2. Redistributions in binary form must reproduce the above copyright notice, this 
      +                          list
    36                           ;        of conditions and the following disclaimer in the documentation and/or other
    37                           ;        materials provided with the distribution.
    38                           ; 
    39                           ;     3. Microchip's name may not be used to endorse or promote products derived from th
      +                          is
    40                           ;        software without specific prior written permission.
    41                           ; 
    42                           ; THIS SOFTWARE IS PROVIDED BY MICROCHIP "AS IS" AND ANY EXPRESS OR IMPLIED WARRANTIES,
    43                           ; INCLUDING, BUT NOT LIMITED TO, THE IMPLIED WARRANTIES OF MERCHANTABILITY AND FITNESS F
      +                          OR
    44                           ; PURPOSE ARE DISCLAIMED.  IN NO EVENT SHALL MICROCHIP BE LIABLE FOR ANY DIRECT, INDIREC
      +                          T,
    45                           ; INCIDENTAL, SPECIAL, EXEMPLARY, OR CONSEQUENTIAL DAMAGES (INCLUDING BUT NOT LIMITED TO
    46                           ; PROCUREMENT OF SUBSTITUTE GOODS OR SERVICES; LOSS OF USE, DATA OR PROFITS; OR BUSINESS
    47                           ; INTERRUPTION) HOWSOEVER CAUSED AND ON ANY THEORY OF LIABILITY, WHETHER IN CONTRACT, ST
      +                          RICT
    48                           ; LIABILITY, OR TORT (INCLUDING NEGLIGENCE OR OTHERWISE) ARISING IN ANY WAY OUT OF THE U
      +                          SE OF
    49                           ; THIS SOFTWARE, EVEN IF ADVISED OF THE POSSIBILITY OF SUCH DAMAGE.
    50                           ; 
    51                           ; 
    52                           ; Code-generator required, PIC16F887 Definitions
    53                           ; 
    54                           ; SFR Addresses
    55  0000                     	;# 
    56  0001                     	;# 
    57  0002                     	;# 
    58  0003                     	;# 
    59  0004                     	;# 
    60  0005                     	;# 
    61  0006                     	;# 
    62  0007                     	;# 
    63  0008                     	;# 
    64  0009                     	;# 
    65  000A                     	;# 
    66  000B                     	;# 
    67  000C                     	;# 
    68  000D                     	;# 
    69  000E                     	;# 
    70  000E                     	;# 
    71  000F                     	;# 
    72  0010                     	;# 
    73  0011                     	;# 
    74  0012                     	;# 
    75  0013                     	;# 
    76  0014                     	;# 
    77  0015                     	;# 
    78  0015                     	;# 
    79  0016                     	;# 
    80  0017                     	;# 
    81  0018                     	;# 
    82  0019                     	;# 
    83  001A                     	;# 
    84  001B                     	;# 
    85  001B                     	;# 
    86  001C                     	;# 
    87  001D                     	;# 
    88  001E                     	;# 
    89  001F                     	;# 
    90  0081                     	;# 
    91  0085                     	;# 
    92  0086                     	;# 
    93  0087                     	;# 
    94  0088                     	;# 
    95  0089                     	;# 
    96  008C                     	;# 
    97  008D                     	;# 
    98  008E                     	;# 
    99  008F                     	;# 
   100  0090                     	;# 
   101  0091                     	;# 
   102  0092                     	;# 
   103  0093                     	;# 
   104  0093                     	;# 
   105  0093                     	;# 
   106  0094                     	;# 
   107  0095                     	;# 
   108  0096                     	;# 
   109  0097                     	;# 
   110  0098                     	;# 
   111  0099                     	;# 
   112  009A                     	;# 
   113  009B                     	;# 
   114  009C                     	;# 
   115  009D                     	;# 
   116  009E                     	;# 
   117  009F                     	;# 
   118  0105                     	;# 
   119  0107                     	;# 
   120  0108                     	;# 
   121  0109                     	;# 
   122  010C                     	;# 
   123  010C                     	;# 
   124  010D                     	;# 
   125  010E                     	;# 
   126  010F                     	;# 
   127  0185                     	;# 
   128  0187                     	;# 
   129  0188                     	;# 
   130  0189                     	;# 
   131  018C                     	;# 
   132  018D                     	;# 
   133  0000                     	;# 
   134  0001                     	;# 
   135  0002                     	;# 
   136  0003                     	;# 
   137  0004                     	;# 
   138  0005                     	;# 
   139  0006                     	;# 
   140  0007                     	;# 
   141  0008                     	;# 
   142  0009                     	;# 
   143  000A                     	;# 
   144  000B                     	;# 
   145  000C                     	;# 
   146  000D                     	;# 
   147  000E                     	;# 
   148  000E                     	;# 
   149  000F                     	;# 
   150  0010                     	;# 
   151  0011                     	;# 
   152  0012                     	;# 
   153  0013                     	;# 
   154  0014                     	;# 
   155  0015                     	;# 
   156  0015                     	;# 
   157  0016                     	;# 
   158  0017                     	;# 
   159  0018                     	;# 
   160  0019                     	;# 
   161  001A                     	;# 
   162  001B                     	;# 
   163  001B                     	;# 
   164  001C                     	;# 
   165  001D                     	;# 
   166  001E                     	;# 
   167  001F                     	;# 
   168  0081                     	;# 
   169  0085                     	;# 
   170  0086                     	;# 
   171  0087                     	;# 
   172  0088                     	;# 
   173  0089                     	;# 
   174  008C                     	;# 
   175  008D                     	;# 
   176  008E                     	;# 
   177  008F                     	;# 
   178  0090                     	;# 
   179  0091                     	;# 
   180  0092                     	;# 
   181  0093                     	;# 
   182  0093                     	;# 
   183  0093                     	;# 
   184  0094                     	;# 
   185  0095                     	;# 
   186  0096                     	;# 
   187  0097                     	;# 
   188  0098                     	;# 
   189  0099                     	;# 
   190  009A                     	;# 
   191  009B                     	;# 
   192  009C                     	;# 
   193  009D                     	;# 
   194  009E                     	;# 
   195  009F                     	;# 
   196  0105                     	;# 
   197  0107                     	;# 
   198  0108                     	;# 
   199  0109                     	;# 
   200  010C                     	;# 
   201  010C                     	;# 
   202  010D                     	;# 
   203  010E                     	;# 
   204  010F                     	;# 
   205  0185                     	;# 
   206  0187                     	;# 
   207  0188                     	;# 
   208  0189                     	;# 
   209  018C                     	;# 
   210  018D                     	;# 
   211  0000                     	;# 
   212  0001                     	;# 
   213  0002                     	;# 
   214  0003                     	;# 
   215  0004                     	;# 
   216  0005                     	;# 
   217  0006                     	;# 
   218  0007                     	;# 
   219  0008                     	;# 
   220  0009                     	;# 
   221  000A                     	;# 
   222  000B                     	;# 
   223  000C                     	;# 
   224  000D                     	;# 
   225  000E                     	;# 
   226  000E                     	;# 
   227  000F                     	;# 
   228  0010                     	;# 
   229  0011                     	;# 
   230  0012                     	;# 
   231  0013                     	;# 
   232  0014                     	;# 
   233  0015                     	;# 
   234  0015                     	;# 
   235  0016                     	;# 
   236  0017                     	;# 
   237  0018                     	;# 
   238  0019                     	;# 
   239  001A                     	;# 
   240  001B                     	;# 
   241  001B                     	;# 
   242  001C                     	;# 
   243  001D                     	;# 
   244  001E                     	;# 
   245  001F                     	;# 
   246  0081                     	;# 
   247  0085                     	;# 
   248  0086                     	;# 
   249  0087                     	;# 
   250  0088                     	;# 
   251  0089                     	;# 
   252  008C                     	;# 
   253  008D                     	;# 
   254  008E                     	;# 
   255  008F                     	;# 
   256  0090                     	;# 
   257  0091                     	;# 
   258  0092                     	;# 
   259  0093                     	;# 
   260  0093                     	;# 
   261  0093                     	;# 
   262  0094                     	;# 
   263  0095                     	;# 
   264  0096                     	;# 
   265  0097                     	;# 
   266  0098                     	;# 
   267  0099                     	;# 
   268  009A                     	;# 
   269  009B                     	;# 
   270  009C                     	;# 
   271  009D                     	;# 
   272  009E                     	;# 
   273  009F                     	;# 
   274  0105                     	;# 
   275  0107                     	;# 
   276  0108                     	;# 
   277  0109                     	;# 
   278  010C                     	;# 
   279  010C                     	;# 
   280  010D                     	;# 
   281  010E                     	;# 
   282  010F                     	;# 
   283  0185                     	;# 
   284  0187                     	;# 
   285  0188                     	;# 
   286  0189                     	;# 
   287  018C                     	;# 
   288  018D                     	;# 
   289  0000                     	;# 
   290  0001                     	;# 
   291  0002                     	;# 
   292  0003                     	;# 
   293  0004                     	;# 
   294  0005                     	;# 
   295  0006                     	;# 
   296  0007                     	;# 
   297  0008                     	;# 
   298  0009                     	;# 
   299  000A                     	;# 
   300  000B                     	;# 
   301  000C                     	;# 
   302  000D                     	;# 
   303  000E                     	;# 
   304  000E                     	;# 
   305  000F                     	;# 
   306  0010                     	;# 
   307  0011                     	;# 
   308  0012                     	;# 
   309  0013                     	;# 
   310  0014                     	;# 
   311  0015                     	;# 
   312  0015                     	;# 
   313  0016                     	;# 
   314  0017                     	;# 
   315  0018                     	;# 
   316  0019                     	;# 
   317  001A                     	;# 
   318  001B                     	;# 
   319  001B                     	;# 
   320  001C                     	;# 
   321  001D                     	;# 
   322  001E                     	;# 
   323  001F                     	;# 
   324  0081                     	;# 
   325  0085                     	;# 
   326  0086                     	;# 
   327  0087                     	;# 
   328  0088                     	;# 
   329  0089                     	;# 
   330  008C                     	;# 
   331  008D                     	;# 
   332  008E                     	;# 
   333  008F                     	;# 
   334  0090                     	;# 
   335  0091                     	;# 
   336  0092                     	;# 
   337  0093                     	;# 
   338  0093                     	;# 
   339  0093                     	;# 
   340  0094                     	;# 
   341  0095                     	;# 
   342  0096                     	;# 
   343  0097                     	;# 
   344  0098                     	;# 
   345  0099                     	;# 
   346  009A                     	;# 
   347  009B                     	;# 
   348  009C                     	;# 
   349  009D                     	;# 
   350  009E                     	;# 
   351  009F                     	;# 
   352  0105                     	;# 
   353  0107                     	;# 
   354  0108                     	;# 
   355  0109                     	;# 
   356  010C                     	;# 
   357  010C                     	;# 
   358  010D                     	;# 
   359  010E                     	;# 
   360  010F                     	;# 
   361  0185                     	;# 
   362  0187                     	;# 
   363  0188                     	;# 
   364  0189                     	;# 
   365  018C                     	;# 
   366  018D                     	;# 
   367  0009                     _PORTEbits	set	9
   368  0006                     _PORTB	set	6
   369  008F                     _OSCCONbits	set	143
   370  0089                     _TRISE	set	137
   371  0086                     _TRISB	set	134
   372  0189                     _ANSELH	set	393
   373  0188                     _ANSEL	set	392
   374                           
   375                           	psect	strings
   376  010F                     __pstrings:
   377  010F                     stringtab:
   378  010F                     __stringtab:
   379  010F                     stringcode:	
   380                           ;	String table - string pointers are 1 byte each
   381                           
   382  010F                     stringdir:
   383  010F  3001               	movlw	high stringdir
   384  0110  008A               	movwf	10
   385  0111  0804               	movf	4,w
   386  0112  0A84               	incf	4,f
   387  0113  0782               	addwf	2,f
   388  0114                     __stringbase:
   389  0114  3400               	retlw	0
   390  0115                     __end_of__stringtab:
   391  0115                     STR_1:
   392  0115  3465               	retlw	101	;'e'
   393  0116  3473               	retlw	115	;'s'
   394  0117  3474               	retlw	116	;'t'
   395  0118  346F               	retlw	111	;'o'
   396  0119  3420               	retlw	32	;' '
   397  011A  3465               	retlw	101	;'e'
   398  011B  3473               	retlw	115	;'s'
   399  011C  3420               	retlw	32	;' '
   400  011D  3475               	retlw	117	;'u'
   401  011E  346E               	retlw	110	;'n'
   402  011F  3461               	retlw	97	;'a'
   403  0120  3420               	retlw	32	;' '
   404  0121  3400               	retlw	0
   405  0122                     STR_2:
   406  0122  3470               	retlw	112	;'p'
   407  0123  3472               	retlw	114	;'r'
   408  0124  3475               	retlw	117	;'u'
   409  0125  3465               	retlw	101	;'e'
   410  0126  3462               	retlw	98	;'b'
   411  0127  3461               	retlw	97	;'a'
   412  0128  3420               	retlw	32	;' '
   413  0129  3432               	retlw	50	;'2'
   414  012A  3400               	retlw	0
   415                           
   416                           	psect	cinit
   417  000F                     start_initialization:	
   418                           ; #config settings
   419                           
   420  000F                     __initialization:
   421  000F                     end_of_initialization:	
   422                           ;End of C runtime variable initialization code
   423                           
   424  000F                     __end_of__initialization:
   425  000F  0183               	clrf	3
   426  0010  120A  118A  289C   	ljmp	_main	;jump to C main() function
   427                           
   428                           	psect	cstackCOMMON
   429  0070                     __pcstackCOMMON:
   430  0070                     ?_setup:
   431  0070                     ?_Lcd_Init:	
   432                           ; 1 bytes @ 0x0
   433                           
   434  0070                     ?_Lcd_Write_String:	
   435                           ; 1 bytes @ 0x0
   436                           
   437  0070                     ?_osc_config:	
   438                           ; 1 bytes @ 0x0
   439                           
   440  0070                     ?_isr:	
   441                           ; 1 bytes @ 0x0
   442                           
   443  0070                     ??_isr:	
   444                           ; 1 bytes @ 0x0
   445                           
   446  0070                     ?_main:	
   447                           ; 1 bytes @ 0x0
   448                           
   449  0070                     ?_Lcd_Port:	
   450                           ; 1 bytes @ 0x0
   451                           
   452  0070                     ?_Lcd_Cmd:	
   453                           ; 1 bytes @ 0x0
   454                           
   455  0070                     ?_Lcd_Write_Char:	
   456                           ; 1 bytes @ 0x0
   457                           
   458                           
   459                           ; 1 bytes @ 0x0
   460  0070                     	ds	2
   461  0072                     ??_osc_config:
   462  0072                     ??_Lcd_Port:	
   463                           ; 1 bytes @ 0x2
   464                           
   465  0072                     Lcd_Port@a:	
   466                           ; 1 bytes @ 0x2
   467                           
   468                           
   469                           ; 1 bytes @ 0x2
   470  0072                     	ds	1
   471  0073                     ??_Lcd_Cmd:
   472  0073                     ??_Lcd_Write_Char:	
   473                           ; 1 bytes @ 0x3
   474                           
   475                           
   476                           ; 1 bytes @ 0x3
   477  0073                     	ds	1
   478  0074                     osc_config@freq:
   479  0074                     Lcd_Write_Char@a:	
   480                           ; 1 bytes @ 0x4
   481                           
   482                           
   483                           ; 1 bytes @ 0x4
   484  0074                     	ds	1
   485  0075                     ??_setup:
   486  0075                     ??_Lcd_Write_String:	
   487                           ; 1 bytes @ 0x5
   488                           
   489  0075                     Lcd_Cmd@a:	
   490                           ; 1 bytes @ 0x5
   491                           
   492  0075                     Lcd_Write_String@i:	
   493                           ; 1 bytes @ 0x5
   494                           
   495                           
   496                           ; 2 bytes @ 0x5
   497  0075                     	ds	1
   498  0076                     ??_Lcd_Init:
   499  0076                     ?_Lcd_Set_Cursor:	
   500                           ; 1 bytes @ 0x6
   501                           
   502  0076                     Lcd_Set_Cursor@b:	
   503                           ; 1 bytes @ 0x6
   504                           
   505                           
   506                           ; 1 bytes @ 0x6
   507  0076                     	ds	1
   508  0077                     ??_Lcd_Set_Cursor:
   509  0077                     Lcd_Write_String@a:	
   510                           ; 1 bytes @ 0x7
   511                           
   512                           
   513                           ; 1 bytes @ 0x7
   514  0077                     	ds	1
   515  0078                     Lcd_Set_Cursor@a:
   516                           
   517                           ; 1 bytes @ 0x8
   518  0078                     	ds	1
   519  0079                     Lcd_Set_Cursor@temp:
   520                           
   521                           ; 1 bytes @ 0x9
   522  0079                     	ds	1
   523  007A                     ??_main:
   524                           
   525                           	psect	maintext
   526  009C                     __pmaintext:	
   527                           ; 1 bytes @ 0xA
   528 ;;
   529 ;;Main: autosize = 0, tempsize = 0, incstack = 0, save=0
   530 ;;
   531 ;; *************** function _main *****************
   532 ;; Defined at:
   533 ;;		line 66 in file "C:/Users/Andy Bonilla/Documents/GitHub/ED2/pruebaMaster/pruebaMaster2.X/mainPrueba2.c"
   534 ;; Parameters:    Size  Location     Type
   535 ;;		None
   536 ;; Auto vars:     Size  Location     Type
   537 ;;		None
   538 ;; Return value:  Size  Location     Type
   539 ;;                  1    wreg      void 
   540 ;; Registers used:
   541 ;;		wreg, fsr0l, fsr0h, status,2, status,0, pclath, cstack
   542 ;; Tracked objects:
   543 ;;		On entry : B00/0
   544 ;;		On exit  : 0/0
   545 ;;		Unchanged: 0/0
   546 ;; Data sizes:     COMMON   BANK0   BANK1   BANK3   BANK2
   547 ;;      Params:         0       0       0       0       0
   548 ;;      Locals:         0       0       0       0       0
   549 ;;      Temps:          0       0       0       0       0
   550 ;;      Totals:         0       0       0       0       0
   551 ;;Total ram usage:        0 bytes
   552 ;; Hardware stack levels required when called: 4
   553 ;; This function calls:
   554 ;;		_Lcd_Init
   555 ;;		_Lcd_Set_Cursor
   556 ;;		_Lcd_Write_String
   557 ;;		_setup
   558 ;; This function is called by:
   559 ;;		Startup code after reset
   560 ;; This function uses a non-reentrant model
   561 ;;
   562                           
   563                           
   564                           ;psect for function _main
   565  009C                     _main:
   566  009C                     l830:	
   567                           ;incstack = 0
   568                           ; Regs used in _main: [wreg-fsr0h+status,2+status,0+pclath+cstack]
   569                           
   570                           
   571                           ;C:/Users/Andy Bonilla/Documents/GitHub/ED2/pruebaMaster/pruebaMaster2.X/mainPrueba2.c: 
      +                          68:     setup();
   572  009C  120A  118A  2159  120A  118A  	fcall	_setup
   573  00A1                     l832:
   574                           
   575                           ;C:/Users/Andy Bonilla/Documents/GitHub/ED2/pruebaMaster/pruebaMaster2.X/mainPrueba2.c: 
      +                          69:     Lcd_Init();
   576  00A1  120A  118A  2013  120A  118A  	fcall	_Lcd_Init
   577  00A6                     l834:
   578                           
   579                           ;C:/Users/Andy Bonilla/Documents/GitHub/ED2/pruebaMaster/pruebaMaster2.X/mainPrueba2.c: 
      +                          72:     {;C:/Users/Andy Bonilla/Documents/GitHub/ED2/pruebaMaster/pruebaMaster2.X/mainPr
      +                          ueba2.c: 75:         Lcd_Set_Cursor(1,1);
   580  00A6  01F6               	clrf	Lcd_Set_Cursor@b
   581  00A7  0AF6               	incf	Lcd_Set_Cursor@b,f
   582  00A8  3001               	movlw	1
   583  00A9  120A  118A  20EB  120A  118A  	fcall	_Lcd_Set_Cursor
   584                           
   585                           ;C:/Users/Andy Bonilla/Documents/GitHub/ED2/pruebaMaster/pruebaMaster2.X/mainPrueba2.c: 
      +                          76:         Lcd_Write_String("esto es una ");
   586  00AE  3001               	movlw	(low ((STR_1-__stringbase)| (0+32768)))& (0+255)
   587  00AF  120A  118A  20C6  120A  118A  	fcall	_Lcd_Write_String
   588  00B4                     l836:
   589                           
   590                           ;C:/Users/Andy Bonilla/Documents/GitHub/ED2/pruebaMaster/pruebaMaster2.X/mainPrueba2.c: 
      +                          77:         Lcd_Set_Cursor(2,1);
   591  00B4  01F6               	clrf	Lcd_Set_Cursor@b
   592  00B5  0AF6               	incf	Lcd_Set_Cursor@b,f
   593  00B6  3002               	movlw	2
   594  00B7  120A  118A  20EB  120A  118A  	fcall	_Lcd_Set_Cursor
   595  00BC                     l838:
   596                           
   597                           ;C:/Users/Andy Bonilla/Documents/GitHub/ED2/pruebaMaster/pruebaMaster2.X/mainPrueba2.c: 
      +                          78:         Lcd_Write_String("prueba 2");
   598  00BC  300E               	movlw	(low ((STR_2-__stringbase)| (0+32768)))& (0+255)
   599  00BD  120A  118A  20C6  120A  118A  	fcall	_Lcd_Write_String
   600  00C2  28A6               	goto	l834
   601  00C3  120A  118A  280C   	ljmp	start
   602  00C6                     __end_of_main:
   603                           
   604                           	psect	text1
   605  0159                     __ptext1:	
   606 ;; *************** function _setup *****************
   607 ;; Defined at:
   608 ;;		line 88 in file "C:/Users/Andy Bonilla/Documents/GitHub/ED2/pruebaMaster/pruebaMaster2.X/mainPrueba2.c"
   609 ;; Parameters:    Size  Location     Type
   610 ;;		None
   611 ;; Auto vars:     Size  Location     Type
   612 ;;		None
   613 ;; Return value:  Size  Location     Type
   614 ;;                  1    wreg      void 
   615 ;; Registers used:
   616 ;;		wreg, fsr0l, fsr0h, status,2, status,0, pclath, cstack
   617 ;; Tracked objects:
   618 ;;		On entry : 0/0
   619 ;;		On exit  : 0/0
   620 ;;		Unchanged: 0/0
   621 ;; Data sizes:     COMMON   BANK0   BANK1   BANK3   BANK2
   622 ;;      Params:         0       0       0       0       0
   623 ;;      Locals:         0       0       0       0       0
   624 ;;      Temps:          0       0       0       0       0
   625 ;;      Totals:         0       0       0       0       0
   626 ;;Total ram usage:        0 bytes
   627 ;; Hardware stack levels used: 1
   628 ;; Hardware stack levels required when called: 2
   629 ;; This function calls:
   630 ;;		_osc_config
   631 ;; This function is called by:
   632 ;;		_main
   633 ;; This function uses a non-reentrant model
   634 ;;
   635                           
   636                           
   637                           ;psect for function _setup
   638  0159                     _setup:
   639  0159                     l728:	
   640                           ;incstack = 0
   641                           ; Regs used in _setup: [wreg-fsr0h+status,2+status,0+pclath+cstack]
   642                           
   643                           
   644                           ;C:/Users/Andy Bonilla/Documents/GitHub/ED2/pruebaMaster/pruebaMaster2.X/mainPrueba2.c: 
      +                          91:     ANSEL=0;
   645  0159  1683               	bsf	3,5	;RP0=1, select bank3
   646  015A  1703               	bsf	3,6	;RP1=1, select bank3
   647  015B  0188               	clrf	8	;volatile
   648                           
   649                           ;C:/Users/Andy Bonilla/Documents/GitHub/ED2/pruebaMaster/pruebaMaster2.X/mainPrueba2.c: 
      +                          92:     ANSELH=0;
   650  015C  0189               	clrf	9	;volatile
   651                           
   652                           ;C:/Users/Andy Bonilla/Documents/GitHub/ED2/pruebaMaster/pruebaMaster2.X/mainPrueba2.c: 
      +                          94:     TRISB = 0x00;
   653  015D  1683               	bsf	3,5	;RP0=1, select bank1
   654  015E  1303               	bcf	3,6	;RP1=0, select bank1
   655  015F  0186               	clrf	6	;volatile
   656                           
   657                           ;C:/Users/Andy Bonilla/Documents/GitHub/ED2/pruebaMaster/pruebaMaster2.X/mainPrueba2.c: 
      +                          95:     TRISE=0;
   658  0160  0189               	clrf	9	;volatile
   659  0161                     l730:
   660                           
   661                           ;C:/Users/Andy Bonilla/Documents/GitHub/ED2/pruebaMaster/pruebaMaster2.X/mainPrueba2.c: 
      +                          99:     osc_config(8);
   662  0161  3008               	movlw	8
   663  0162  120A  118A  2065  120A  118A  	fcall	_osc_config
   664  0167                     l34:
   665  0167  0008               	return
   666  0168                     __end_of_setup:
   667                           
   668                           	psect	text2
   669  0065                     __ptext2:	
   670 ;; *************** function _osc_config *****************
   671 ;; Defined at:
   672 ;;		line 16 in file "C:/Users/Andy Bonilla/Documents/GitHub/ED2/pruebaMaster/pruebaMaster2.X/Osc_config.c"
   673 ;; Parameters:    Size  Location     Type
   674 ;;  freq            1    wreg     unsigned char 
   675 ;; Auto vars:     Size  Location     Type
   676 ;;  freq            1    4[COMMON] unsigned char 
   677 ;; Return value:  Size  Location     Type
   678 ;;                  1    wreg      void 
   679 ;; Registers used:
   680 ;;		wreg, fsr0l, fsr0h, status,2, status,0
   681 ;; Tracked objects:
   682 ;;		On entry : 0/0
   683 ;;		On exit  : 0/0
   684 ;;		Unchanged: 0/0
   685 ;; Data sizes:     COMMON   BANK0   BANK1   BANK3   BANK2
   686 ;;      Params:         0       0       0       0       0
   687 ;;      Locals:         1       0       0       0       0
   688 ;;      Temps:          2       0       0       0       0
   689 ;;      Totals:         3       0       0       0       0
   690 ;;Total ram usage:        3 bytes
   691 ;; Hardware stack levels used: 1
   692 ;; Hardware stack levels required when called: 1
   693 ;; This function calls:
   694 ;;		Nothing
   695 ;; This function is called by:
   696 ;;		_setup
   697 ;; This function uses a non-reentrant model
   698 ;;
   699                           
   700                           
   701                           ;psect for function _osc_config
   702  0065                     _osc_config:
   703                           
   704                           ;incstack = 0
   705                           ; Regs used in _osc_config: [wreg-fsr0h+status,2+status,0]
   706                           ;osc_config@freq stored from wreg
   707  0065  00F4               	movwf	osc_config@freq
   708  0066                     l678:
   709                           
   710                           ;C:/Users/Andy Bonilla/Documents/GitHub/ED2/pruebaMaster/pruebaMaster2.X/Osc_config.c: 1
      +                          6: void osc_config(uint8_t freq);C:/Users/Andy Bonilla/Documents/GitHub/ED2/pruebaMaster
      +                          /pruebaMaster2.X/Osc_config.c: 17: {;C:/Users/Andy Bonilla/Documents/GitHub/ED2/pruebaMa
      +                          ster/pruebaMaster2.X/Osc_config.c: 18:     switch(freq)
   711  0066  2885               	goto	l698
   712  0067                     l680:
   713                           
   714                           ;C:/Users/Andy Bonilla/Documents/GitHub/ED2/pruebaMaster/pruebaMaster2.X/Osc_config.c: 2
      +                          1:             OSCCONbits.IRCF=0b100;
   715  0067  1683               	bsf	3,5	;RP0=1, select bank1
   716  0068  1303               	bcf	3,6	;RP1=0, select bank1
   717  0069  080F               	movf	15,w	;volatile
   718  006A  398F               	andlw	-113
   719  006B  3840               	iorlw	64
   720  006C  008F               	movwf	15	;volatile
   721  006D                     l682:
   722                           
   723                           ;C:/Users/Andy Bonilla/Documents/GitHub/ED2/pruebaMaster/pruebaMaster2.X/Osc_config.c: 2
      +                          2:             OSCCONbits.SCS=1;
   724  006D  140F               	bsf	15,0	;volatile
   725                           
   726                           ;C:/Users/Andy Bonilla/Documents/GitHub/ED2/pruebaMaster/pruebaMaster2.X/Osc_config.c: 2
      +                          3:             break;
   727  006E  289B               	goto	l45
   728  006F                     l684:
   729                           
   730                           ;C:/Users/Andy Bonilla/Documents/GitHub/ED2/pruebaMaster/pruebaMaster2.X/Osc_config.c: 2
      +                          6:             OSCCONbits.IRCF=0b101;
   731  006F  1683               	bsf	3,5	;RP0=1, select bank1
   732  0070  1303               	bcf	3,6	;RP1=0, select bank1
   733  0071  080F               	movf	15,w	;volatile
   734  0072  398F               	andlw	-113
   735  0073  3850               	iorlw	80
   736  0074  008F               	movwf	15	;volatile
   737  0075                     l686:
   738                           
   739                           ;C:/Users/Andy Bonilla/Documents/GitHub/ED2/pruebaMaster/pruebaMaster2.X/Osc_config.c: 2
      +                          7:             OSCCONbits.SCS=1;
   740  0075  140F               	bsf	15,0	;volatile
   741                           
   742                           ;C:/Users/Andy Bonilla/Documents/GitHub/ED2/pruebaMaster/pruebaMaster2.X/Osc_config.c: 2
      +                          8:             break;
   743  0076  289B               	goto	l45
   744  0077                     l688:
   745                           
   746                           ;C:/Users/Andy Bonilla/Documents/GitHub/ED2/pruebaMaster/pruebaMaster2.X/Osc_config.c: 3
      +                          1:             OSCCONbits.IRCF=0b110;
   747  0077  1683               	bsf	3,5	;RP0=1, select bank1
   748  0078  1303               	bcf	3,6	;RP1=0, select bank1
   749  0079  080F               	movf	15,w	;volatile
   750  007A  398F               	andlw	-113
   751  007B  3860               	iorlw	96
   752  007C  008F               	movwf	15	;volatile
   753  007D                     l690:
   754                           
   755                           ;C:/Users/Andy Bonilla/Documents/GitHub/ED2/pruebaMaster/pruebaMaster2.X/Osc_config.c: 3
      +                          2:             OSCCONbits.SCS=1;
   756  007D  140F               	bsf	15,0	;volatile
   757                           
   758                           ;C:/Users/Andy Bonilla/Documents/GitHub/ED2/pruebaMaster/pruebaMaster2.X/Osc_config.c: 3
      +                          3:             break;
   759  007E  289B               	goto	l45
   760  007F                     l692:
   761                           
   762                           ;C:/Users/Andy Bonilla/Documents/GitHub/ED2/pruebaMaster/pruebaMaster2.X/Osc_config.c: 3
      +                          6:             OSCCONbits.IRCF=0b111;
   763  007F  3070               	movlw	112
   764  0080  1683               	bsf	3,5	;RP0=1, select bank1
   765  0081  1303               	bcf	3,6	;RP1=0, select bank1
   766  0082  048F               	iorwf	15,f	;volatile
   767  0083                     l694:
   768                           
   769                           ;C:/Users/Andy Bonilla/Documents/GitHub/ED2/pruebaMaster/pruebaMaster2.X/Osc_config.c: 3
      +                          7:             OSCCONbits.SCS=1;
   770  0083  140F               	bsf	15,0	;volatile
   771                           
   772                           ;C:/Users/Andy Bonilla/Documents/GitHub/ED2/pruebaMaster/pruebaMaster2.X/Osc_config.c: 3
      +                          8:             break;
   773  0084  289B               	goto	l45
   774  0085                     l698:
   775  0085  0874               	movf	osc_config@freq,w
   776  0086  00F2               	movwf	??_osc_config
   777  0087  01F3               	clrf	??_osc_config+1
   778                           
   779                           ; Switch on 2 bytes has been partitioned into a top level switch of size 1, and 1 sub-sw
      +                          itches
   780                           ; Switch size 1, requested type "simple"
   781                           ; Number of cases is 1, Range of values is 0 to 0
   782                           ; switch strategies available:
   783                           ; Name         Instructions Cycles
   784                           ; simple_byte            4     3 (average)
   785                           ; direct_byte           11     8 (fixed)
   786                           ; jumptable            260     6 (fixed)
   787                           ;	Chosen strategy is simple_byte
   788  0088  0873               	movf	??_osc_config+1,w
   789  0089  3A00               	xorlw	0	; case 0
   790  008A  1903               	skipnz
   791  008B  288D               	goto	l860
   792  008C  289B               	goto	l45
   793  008D                     l860:
   794                           
   795                           ; Switch size 1, requested type "simple"
   796                           ; Number of cases is 4, Range of values is 1 to 8
   797                           ; switch strategies available:
   798                           ; Name         Instructions Cycles
   799                           ; simple_byte           13     7 (average)
   800                           ; direct_byte           35    11 (fixed)
   801                           ; jumptable            263     9 (fixed)
   802                           ;	Chosen strategy is simple_byte
   803  008D  0872               	movf	??_osc_config,w
   804  008E  3A01               	xorlw	1	; case 1
   805  008F  1903               	skipnz
   806  0090  2867               	goto	l680
   807  0091  3A03               	xorlw	3	; case 2
   808  0092  1903               	skipnz
   809  0093  286F               	goto	l684
   810  0094  3A06               	xorlw	6	; case 4
   811  0095  1903               	skipnz
   812  0096  2877               	goto	l688
   813  0097  3A0C               	xorlw	12	; case 8
   814  0098  1903               	skipnz
   815  0099  287F               	goto	l692
   816  009A  289B               	goto	l45
   817  009B                     l45:
   818  009B  0008               	return
   819  009C                     __end_of_osc_config:
   820                           
   821                           	psect	text3
   822  00C6                     __ptext3:	
   823 ;; *************** function _Lcd_Write_String *****************
   824 ;; Defined at:
   825 ;;		line 59 in file "C:/Users/Andy Bonilla/Documents/GitHub/ED2/pruebaMaster/pruebaMaster2.X/lcd_pablo.c"
   826 ;; Parameters:    Size  Location     Type
   827 ;;  a               1    wreg     PTR unsigned char 
   828 ;;		 -> STR_2(9), STR_1(13), 
   829 ;; Auto vars:     Size  Location     Type
   830 ;;  a               1    7[COMMON] PTR unsigned char 
   831 ;;		 -> STR_2(9), STR_1(13), 
   832 ;;  i               2    5[COMMON] int 
   833 ;; Return value:  Size  Location     Type
   834 ;;                  1    wreg      void 
   835 ;; Registers used:
   836 ;;		wreg, fsr0l, fsr0h, status,2, status,0, pclath, cstack
   837 ;; Tracked objects:
   838 ;;		On entry : 0/0
   839 ;;		On exit  : 0/0
   840 ;;		Unchanged: 0/0
   841 ;; Data sizes:     COMMON   BANK0   BANK1   BANK3   BANK2
   842 ;;      Params:         0       0       0       0       0
   843 ;;      Locals:         3       0       0       0       0
   844 ;;      Temps:          0       0       0       0       0
   845 ;;      Totals:         3       0       0       0       0
   846 ;;Total ram usage:        3 bytes
   847 ;; Hardware stack levels used: 1
   848 ;; Hardware stack levels required when called: 3
   849 ;; This function calls:
   850 ;;		_Lcd_Write_Char
   851 ;; This function is called by:
   852 ;;		_main
   853 ;; This function uses a non-reentrant model
   854 ;;
   855                           
   856                           
   857                           ;psect for function _Lcd_Write_String
   858  00C6                     _Lcd_Write_String:
   859                           
   860                           ;incstack = 0
   861                           ; Regs used in _Lcd_Write_String: [wreg-fsr0h+status,2+status,0+pclath+cstack]
   862                           ;Lcd_Write_String@a stored from wreg
   863  00C6  00F7               	movwf	Lcd_Write_String@a
   864  00C7                     l822:
   865                           
   866                           ;C:/Users/Andy Bonilla/Documents/GitHub/ED2/pruebaMaster/pruebaMaster2.X/lcd_pablo.c: 60
      +                          :     int i;;C:/Users/Andy Bonilla/Documents/GitHub/ED2/pruebaMaster/pruebaMaster2.X/lcd
      +                          _pablo.c: 61:     for (i = 0; a[i] != '\0'; i++)
   867  00C7  01F5               	clrf	Lcd_Write_String@i
   868  00C8  01F6               	clrf	Lcd_Write_String@i+1
   869  00C9  28DD               	goto	l828
   870  00CA                     l824:
   871                           
   872                           ;C:/Users/Andy Bonilla/Documents/GitHub/ED2/pruebaMaster/pruebaMaster2.X/lcd_pablo.c: 62
      +                          :         Lcd_Write_Char(a[i]);
   873  00CA  0875               	movf	Lcd_Write_String@i,w
   874  00CB  0777               	addwf	Lcd_Write_String@a,w
   875  00CC  0084               	movwf	4
   876  00CD  120A  118A  210F  120A  118A  	fcall	stringdir
   877  00D2  120A  118A  2144  120A  118A  	fcall	_Lcd_Write_Char
   878  00D7                     l826:
   879  00D7  3001               	movlw	1
   880  00D8  07F5               	addwf	Lcd_Write_String@i,f
   881  00D9  1803               	skipnc
   882  00DA  0AF6               	incf	Lcd_Write_String@i+1,f
   883  00DB  3000               	movlw	0
   884  00DC  07F6               	addwf	Lcd_Write_String@i+1,f
   885  00DD                     l828:
   886  00DD  0875               	movf	Lcd_Write_String@i,w
   887  00DE  0777               	addwf	Lcd_Write_String@a,w
   888  00DF  0084               	movwf	4
   889  00E0  120A  118A  210F  120A  118A  	fcall	stringdir
   890  00E5  3A00               	xorlw	0
   891  00E6  1D03               	skipz
   892  00E7  28E9               	goto	u61
   893  00E8  28EA               	goto	u60
   894  00E9                     u61:
   895  00E9  28CA               	goto	l824
   896  00EA                     u60:
   897  00EA                     l78:
   898  00EA  0008               	return
   899  00EB                     __end_of_Lcd_Write_String:
   900                           
   901                           	psect	text4
   902  0144                     __ptext4:	
   903 ;; *************** function _Lcd_Write_Char *****************
   904 ;; Defined at:
   905 ;;		line 50 in file "C:/Users/Andy Bonilla/Documents/GitHub/ED2/pruebaMaster/pruebaMaster2.X/lcd_pablo.c"
   906 ;; Parameters:    Size  Location     Type
   907 ;;  a               1    wreg     unsigned char 
   908 ;; Auto vars:     Size  Location     Type
   909 ;;  a               1    4[COMMON] unsigned char 
   910 ;; Return value:  Size  Location     Type
   911 ;;                  1    wreg      void 
   912 ;; Registers used:
   913 ;;		wreg, status,2, status,0, pclath, cstack
   914 ;; Tracked objects:
   915 ;;		On entry : 0/0
   916 ;;		On exit  : 0/0
   917 ;;		Unchanged: 0/0
   918 ;; Data sizes:     COMMON   BANK0   BANK1   BANK3   BANK2
   919 ;;      Params:         0       0       0       0       0
   920 ;;      Locals:         1       0       0       0       0
   921 ;;      Temps:          1       0       0       0       0
   922 ;;      Totals:         2       0       0       0       0
   923 ;;Total ram usage:        2 bytes
   924 ;; Hardware stack levels used: 1
   925 ;; Hardware stack levels required when called: 2
   926 ;; This function calls:
   927 ;;		_Lcd_Port
   928 ;; This function is called by:
   929 ;;		_Lcd_Write_String
   930 ;; This function uses a non-reentrant model
   931 ;;
   932                           
   933                           
   934                           ;psect for function _Lcd_Write_Char
   935  0144                     _Lcd_Write_Char:
   936                           
   937                           ;incstack = 0
   938                           ; Regs used in _Lcd_Write_Char: [wreg+status,2+status,0+pclath+cstack]
   939                           ;Lcd_Write_Char@a stored from wreg
   940  0144  00F4               	movwf	Lcd_Write_Char@a
   941  0145                     l716:
   942                           
   943                           ;C:/Users/Andy Bonilla/Documents/GitHub/ED2/pruebaMaster/pruebaMaster2.X/lcd_pablo.c: 51
      +                          :     Lcd_Port(a);
   944  0145  0874               	movf	Lcd_Write_Char@a,w
   945  0146  120A  118A  216F  120A  118A  	fcall	_Lcd_Port
   946  014B                     l718:
   947                           
   948                           ;C:/Users/Andy Bonilla/Documents/GitHub/ED2/pruebaMaster/pruebaMaster2.X/lcd_pablo.c: 52
      +                          :     PORTEbits.RE1 = 1;
   949  014B  1283               	bcf	3,5	;RP0=0, select bank0
   950  014C  1303               	bcf	3,6	;RP1=0, select bank0
   951  014D  1489               	bsf	9,1	;volatile
   952  014E                     l720:
   953                           
   954                           ;C:/Users/Andy Bonilla/Documents/GitHub/ED2/pruebaMaster/pruebaMaster2.X/lcd_pablo.c: 53
      +                          :     PORTEbits.RE2 = 0;
   955  014E  1109               	bcf	9,2	;volatile
   956  014F                     l722:
   957                           
   958                           ;C:/Users/Andy Bonilla/Documents/GitHub/ED2/pruebaMaster/pruebaMaster2.X/lcd_pablo.c: 54
      +                          :     PORTEbits.RE0 = 1;
   959  014F  1409               	bsf	9,0	;volatile
   960  0150                     l724:
   961                           
   962                           ;C:/Users/Andy Bonilla/Documents/GitHub/ED2/pruebaMaster/pruebaMaster2.X/lcd_pablo.c: 55
      +                          :     _delay((unsigned long)((40)*(8000000/4000000.0)));
   963  0150  301A               	movlw	26
   964  0151  00F3               	movwf	??_Lcd_Write_Char
   965  0152                     u77:
   966  0152  0BF3               	decfsz	??_Lcd_Write_Char,f
   967  0153  2952               	goto	u77
   968  0154  0000               	nop
   969  0155                     l726:
   970                           
   971                           ;C:/Users/Andy Bonilla/Documents/GitHub/ED2/pruebaMaster/pruebaMaster2.X/lcd_pablo.c: 56
      +                          :     PORTEbits.RE0 = 0;
   972  0155  1283               	bcf	3,5	;RP0=0, select bank0
   973  0156  1303               	bcf	3,6	;RP1=0, select bank0
   974  0157  1009               	bcf	9,0	;volatile
   975  0158                     l72:
   976  0158  0008               	return
   977  0159                     __end_of_Lcd_Write_Char:
   978                           
   979                           	psect	text5
   980  00EB                     __ptext5:	
   981 ;; *************** function _Lcd_Set_Cursor *****************
   982 ;; Defined at:
   983 ;;		line 20 in file "C:/Users/Andy Bonilla/Documents/GitHub/ED2/pruebaMaster/pruebaMaster2.X/lcd_pablo.c"
   984 ;; Parameters:    Size  Location     Type
   985 ;;  a               1    wreg     unsigned char 
   986 ;;  b               1    6[COMMON] unsigned char 
   987 ;; Auto vars:     Size  Location     Type
   988 ;;  a               1    8[COMMON] unsigned char 
   989 ;;  temp            1    9[COMMON] unsigned char 
   990 ;; Return value:  Size  Location     Type
   991 ;;                  1    wreg      void 
   992 ;; Registers used:
   993 ;;		wreg, status,2, status,0, pclath, cstack
   994 ;; Tracked objects:
   995 ;;		On entry : 0/0
   996 ;;		On exit  : 0/0
   997 ;;		Unchanged: 0/0
   998 ;; Data sizes:     COMMON   BANK0   BANK1   BANK3   BANK2
   999 ;;      Params:         1       0       0       0       0
  1000 ;;      Locals:         2       0       0       0       0
  1001 ;;      Temps:          1       0       0       0       0
  1002 ;;      Totals:         4       0       0       0       0
  1003 ;;Total ram usage:        4 bytes
  1004 ;; Hardware stack levels used: 1
  1005 ;; Hardware stack levels required when called: 3
  1006 ;; This function calls:
  1007 ;;		_Lcd_Cmd
  1008 ;; This function is called by:
  1009 ;;		_main
  1010 ;; This function uses a non-reentrant model
  1011 ;;
  1012                           
  1013                           
  1014                           ;psect for function _Lcd_Set_Cursor
  1015  00EB                     _Lcd_Set_Cursor:
  1016                           
  1017                           ;incstack = 0
  1018                           ; Regs used in _Lcd_Set_Cursor: [wreg+status,2+status,0+pclath+cstack]
  1019                           ;Lcd_Set_Cursor@a stored from wreg
  1020  00EB  00F8               	movwf	Lcd_Set_Cursor@a
  1021  00EC                     l810:
  1022                           
  1023                           ;C:/Users/Andy Bonilla/Documents/GitHub/ED2/pruebaMaster/pruebaMaster2.X/lcd_pablo.c: 21
      +                          :     char temp;;C:/Users/Andy Bonilla/Documents/GitHub/ED2/pruebaMaster/pruebaMaster2.X
      +                          /lcd_pablo.c: 22:     if (a == 1)
  1024  00EC  0378               	decf	Lcd_Set_Cursor@a,w
  1025  00ED  1D03               	btfss	3,2
  1026  00EE  28F0               	goto	u41
  1027  00EF  28F1               	goto	u40
  1028  00F0                     u41:
  1029  00F0  28FD               	goto	l816
  1030  00F1                     u40:
  1031  00F1                     l812:
  1032                           
  1033                           ;C:/Users/Andy Bonilla/Documents/GitHub/ED2/pruebaMaster/pruebaMaster2.X/lcd_pablo.c: 23
      +                          :     {;C:/Users/Andy Bonilla/Documents/GitHub/ED2/pruebaMaster/pruebaMaster2.X/lcd_pabl
      +                          o.c: 24:         temp = 0x80 + b - 1;
  1034  00F1  0876               	movf	Lcd_Set_Cursor@b,w
  1035  00F2  3E7F               	addlw	127
  1036  00F3  00F7               	movwf	??_Lcd_Set_Cursor
  1037  00F4  0877               	movf	??_Lcd_Set_Cursor,w
  1038  00F5  00F9               	movwf	Lcd_Set_Cursor@temp
  1039  00F6                     l814:
  1040                           
  1041                           ;C:/Users/Andy Bonilla/Documents/GitHub/ED2/pruebaMaster/pruebaMaster2.X/lcd_pablo.c: 25
      +                          :         Lcd_Cmd(temp);
  1042  00F6  0879               	movf	Lcd_Set_Cursor@temp,w
  1043  00F7  120A  118A  212B  120A  118A  	fcall	_Lcd_Cmd
  1044                           
  1045                           ;C:/Users/Andy Bonilla/Documents/GitHub/ED2/pruebaMaster/pruebaMaster2.X/lcd_pablo.c: 26
      +                          :     }
  1046  00FC  290E               	goto	l66
  1047  00FD                     l816:
  1048  00FD  3002               	movlw	2
  1049  00FE  0678               	xorwf	Lcd_Set_Cursor@a,w
  1050  00FF  1D03               	btfss	3,2
  1051  0100  2902               	goto	u51
  1052  0101  2903               	goto	u50
  1053  0102                     u51:
  1054  0102  290E               	goto	l66
  1055  0103                     u50:
  1056  0103                     l818:
  1057                           
  1058                           ;C:/Users/Andy Bonilla/Documents/GitHub/ED2/pruebaMaster/pruebaMaster2.X/lcd_pablo.c: 28
      +                          :         temp = 0xC0 + b - 1;
  1059  0103  0876               	movf	Lcd_Set_Cursor@b,w
  1060  0104  3EBF               	addlw	191
  1061  0105  00F7               	movwf	??_Lcd_Set_Cursor
  1062  0106  0877               	movf	??_Lcd_Set_Cursor,w
  1063  0107  00F9               	movwf	Lcd_Set_Cursor@temp
  1064  0108                     l820:
  1065                           
  1066                           ;C:/Users/Andy Bonilla/Documents/GitHub/ED2/pruebaMaster/pruebaMaster2.X/lcd_pablo.c: 29
      +                          :         Lcd_Cmd(temp);
  1067  0108  0879               	movf	Lcd_Set_Cursor@temp,w
  1068  0109  120A  118A  212B  120A  118A  	fcall	_Lcd_Cmd
  1069  010E                     l66:
  1070  010E  0008               	return
  1071  010F                     __end_of_Lcd_Set_Cursor:
  1072                           
  1073                           	psect	text6
  1074  0013                     __ptext6:	
  1075 ;; *************** function _Lcd_Init *****************
  1076 ;; Defined at:
  1077 ;;		line 33 in file "C:/Users/Andy Bonilla/Documents/GitHub/ED2/pruebaMaster/pruebaMaster2.X/lcd_pablo.c"
  1078 ;; Parameters:    Size  Location     Type
  1079 ;;		None
  1080 ;; Auto vars:     Size  Location     Type
  1081 ;;		None
  1082 ;; Return value:  Size  Location     Type
  1083 ;;                  1    wreg      void 
  1084 ;; Registers used:
  1085 ;;		wreg, status,2, status,0, pclath, cstack
  1086 ;; Tracked objects:
  1087 ;;		On entry : 0/0
  1088 ;;		On exit  : 0/0
  1089 ;;		Unchanged: 0/0
  1090 ;; Data sizes:     COMMON   BANK0   BANK1   BANK3   BANK2
  1091 ;;      Params:         0       0       0       0       0
  1092 ;;      Locals:         0       0       0       0       0
  1093 ;;      Temps:          2       0       0       0       0
  1094 ;;      Totals:         2       0       0       0       0
  1095 ;;Total ram usage:        2 bytes
  1096 ;; Hardware stack levels used: 1
  1097 ;; Hardware stack levels required when called: 3
  1098 ;; This function calls:
  1099 ;;		_Lcd_Cmd
  1100 ;;		_Lcd_Port
  1101 ;; This function is called by:
  1102 ;;		_main
  1103 ;; This function uses a non-reentrant model
  1104 ;;
  1105                           
  1106                           
  1107                           ;psect for function _Lcd_Init
  1108  0013                     _Lcd_Init:
  1109  0013                     l732:	
  1110                           ;incstack = 0
  1111                           ; Regs used in _Lcd_Init: [wreg+status,2+status,0+pclath+cstack]
  1112                           
  1113                           
  1114                           ;C:/Users/Andy Bonilla/Documents/GitHub/ED2/pruebaMaster/pruebaMaster2.X/lcd_pablo.c: 34
      +                          :     _delay((unsigned long)((15)*(8000000/4000.0)));
  1115  0013  3027               	movlw	39
  1116  0014  00F7               	movwf	??_Lcd_Init+1
  1117  0015  30F5               	movlw	245
  1118  0016  00F6               	movwf	??_Lcd_Init
  1119  0017                     u87:
  1120  0017  0BF6               	decfsz	??_Lcd_Init,f
  1121  0018  2817               	goto	u87
  1122  0019  0BF7               	decfsz	??_Lcd_Init+1,f
  1123  001A  2817               	goto	u87
  1124  001B                     l734:
  1125                           
  1126                           ;C:/Users/Andy Bonilla/Documents/GitHub/ED2/pruebaMaster/pruebaMaster2.X/lcd_pablo.c: 35
      +                          :     Lcd_Port(0x030);
  1127  001B  3030               	movlw	48
  1128  001C  120A  118A  216F  120A  118A  	fcall	_Lcd_Port
  1129  0021                     l736:
  1130                           
  1131                           ;C:/Users/Andy Bonilla/Documents/GitHub/ED2/pruebaMaster/pruebaMaster2.X/lcd_pablo.c: 36
      +                          :     _delay((unsigned long)((5)*(8000000/4000.0)));
  1132  0021  300D               	movlw	13
  1133  0022  00F7               	movwf	??_Lcd_Init+1
  1134  0023  30FB               	movlw	251
  1135  0024  00F6               	movwf	??_Lcd_Init
  1136  0025                     u97:
  1137  0025  0BF6               	decfsz	??_Lcd_Init,f
  1138  0026  2825               	goto	u97
  1139  0027  0BF7               	decfsz	??_Lcd_Init+1,f
  1140  0028  2825               	goto	u97
  1141  0029  282A               	nop2
  1142                           
  1143                           ;C:/Users/Andy Bonilla/Documents/GitHub/ED2/pruebaMaster/pruebaMaster2.X/lcd_pablo.c: 37
      +                          :     Lcd_Cmd(0x030);
  1144  002A  3030               	movlw	48
  1145  002B  120A  118A  212B  120A  118A  	fcall	_Lcd_Cmd
  1146  0030                     l738:
  1147                           
  1148                           ;C:/Users/Andy Bonilla/Documents/GitHub/ED2/pruebaMaster/pruebaMaster2.X/lcd_pablo.c: 38
      +                          :     _delay((unsigned long)((160)*(8000000/4000000.0)));
  1149  0030  306A               	movlw	106
  1150  0031  00F6               	movwf	??_Lcd_Init
  1151  0032                     u107:
  1152  0032  0BF6               	decfsz	??_Lcd_Init,f
  1153  0033  2832               	goto	u107
  1154  0034  0000               	nop
  1155  0035                     l740:
  1156                           
  1157                           ;C:/Users/Andy Bonilla/Documents/GitHub/ED2/pruebaMaster/pruebaMaster2.X/lcd_pablo.c: 39
      +                          :     Lcd_Cmd(0x030);
  1158  0035  3030               	movlw	48
  1159  0036  120A  118A  212B  120A  118A  	fcall	_Lcd_Cmd
  1160                           
  1161                           ;C:/Users/Andy Bonilla/Documents/GitHub/ED2/pruebaMaster/pruebaMaster2.X/lcd_pablo.c: 40
      +                          :     _delay((unsigned long)((160)*(8000000/4000000.0)));
  1162  003B  306A               	movlw	106
  1163  003C  00F6               	movwf	??_Lcd_Init
  1164  003D                     u117:
  1165  003D  0BF6               	decfsz	??_Lcd_Init,f
  1166  003E  283D               	goto	u117
  1167  003F  0000               	nop
  1168  0040                     l742:
  1169                           
  1170                           ;C:/Users/Andy Bonilla/Documents/GitHub/ED2/pruebaMaster/pruebaMaster2.X/lcd_pablo.c: 42
      +                          :     Lcd_Cmd(0x38);
  1171  0040  3038               	movlw	56
  1172  0041  120A  118A  212B  120A  118A  	fcall	_Lcd_Cmd
  1173  0046                     l744:
  1174                           
  1175                           ;C:/Users/Andy Bonilla/Documents/GitHub/ED2/pruebaMaster/pruebaMaster2.X/lcd_pablo.c: 43
      +                          :     Lcd_Cmd(0x010);
  1176  0046  3010               	movlw	16
  1177  0047  120A  118A  212B  120A  118A  	fcall	_Lcd_Cmd
  1178  004C                     l746:
  1179                           
  1180                           ;C:/Users/Andy Bonilla/Documents/GitHub/ED2/pruebaMaster/pruebaMaster2.X/lcd_pablo.c: 44
      +                          :     Lcd_Cmd(0x001);
  1181  004C  3001               	movlw	1
  1182  004D  120A  118A  212B  120A  118A  	fcall	_Lcd_Cmd
  1183  0052                     l748:
  1184                           
  1185                           ;C:/Users/Andy Bonilla/Documents/GitHub/ED2/pruebaMaster/pruebaMaster2.X/lcd_pablo.c: 45
      +                          :     Lcd_Cmd(0x06);
  1186  0052  3006               	movlw	6
  1187  0053  120A  118A  212B  120A  118A  	fcall	_Lcd_Cmd
  1188  0058                     l750:
  1189                           
  1190                           ;C:/Users/Andy Bonilla/Documents/GitHub/ED2/pruebaMaster/pruebaMaster2.X/lcd_pablo.c: 46
      +                          :     Lcd_Cmd(0x0C);
  1191  0058  300C               	movlw	12
  1192  0059  120A  118A  212B  120A  118A  	fcall	_Lcd_Cmd
  1193  005E                     l752:
  1194                           
  1195                           ;C:/Users/Andy Bonilla/Documents/GitHub/ED2/pruebaMaster/pruebaMaster2.X/lcd_pablo.c: 47
      +                          :     Lcd_Cmd(0x80);
  1196  005E  3080               	movlw	128
  1197  005F  120A  118A  212B  120A  118A  	fcall	_Lcd_Cmd
  1198  0064                     l69:
  1199  0064  0008               	return
  1200  0065                     __end_of_Lcd_Init:
  1201                           
  1202                           	psect	text7
  1203  012B                     __ptext7:	
  1204 ;; *************** function _Lcd_Cmd *****************
  1205 ;; Defined at:
  1206 ;;		line 7 in file "C:/Users/Andy Bonilla/Documents/GitHub/ED2/pruebaMaster/pruebaMaster2.X/lcd_pablo.c"
  1207 ;; Parameters:    Size  Location     Type
  1208 ;;  a               1    wreg     unsigned char 
  1209 ;; Auto vars:     Size  Location     Type
  1210 ;;  a               1    5[COMMON] unsigned char 
  1211 ;; Return value:  Size  Location     Type
  1212 ;;                  1    wreg      void 
  1213 ;; Registers used:
  1214 ;;		wreg, status,2, status,0, pclath, cstack
  1215 ;; Tracked objects:
  1216 ;;		On entry : 0/0
  1217 ;;		On exit  : 0/0
  1218 ;;		Unchanged: 0/0
  1219 ;; Data sizes:     COMMON   BANK0   BANK1   BANK3   BANK2
  1220 ;;      Params:         0       0       0       0       0
  1221 ;;      Locals:         1       0       0       0       0
  1222 ;;      Temps:          2       0       0       0       0
  1223 ;;      Totals:         3       0       0       0       0
  1224 ;;Total ram usage:        3 bytes
  1225 ;; Hardware stack levels used: 1
  1226 ;; Hardware stack levels required when called: 2
  1227 ;; This function calls:
  1228 ;;		_Lcd_Port
  1229 ;; This function is called by:
  1230 ;;		_Lcd_Set_Cursor
  1231 ;;		_Lcd_Init
  1232 ;;		_Lcd_Clear
  1233 ;;		_Lcd_Shift_Right
  1234 ;;		_Lcd_Shift_Left
  1235 ;; This function uses a non-reentrant model
  1236 ;;
  1237                           
  1238                           
  1239                           ;psect for function _Lcd_Cmd
  1240  012B                     _Lcd_Cmd:
  1241                           
  1242                           ;incstack = 0
  1243                           ; Regs used in _Lcd_Cmd: [wreg+status,2+status,0+pclath+cstack]
  1244                           ;Lcd_Cmd@a stored from wreg
  1245  012B  00F5               	movwf	Lcd_Cmd@a
  1246  012C                     l704:
  1247                           
  1248                           ;C:/Users/Andy Bonilla/Documents/GitHub/ED2/pruebaMaster/pruebaMaster2.X/lcd_pablo.c: 8:
      +                               Lcd_Port(a);
  1249  012C  0875               	movf	Lcd_Cmd@a,w
  1250  012D  120A  118A  216F  120A  118A  	fcall	_Lcd_Port
  1251  0132                     l706:
  1252                           
  1253                           ;C:/Users/Andy Bonilla/Documents/GitHub/ED2/pruebaMaster/pruebaMaster2.X/lcd_pablo.c: 9:
      +                               PORTEbits.RE1 = 0;
  1254  0132  1283               	bcf	3,5	;RP0=0, select bank0
  1255  0133  1303               	bcf	3,6	;RP1=0, select bank0
  1256  0134  1089               	bcf	9,1	;volatile
  1257  0135                     l708:
  1258                           
  1259                           ;C:/Users/Andy Bonilla/Documents/GitHub/ED2/pruebaMaster/pruebaMaster2.X/lcd_pablo.c: 10
      +                          :     PORTEbits.RE2 = 0;
  1260  0135  1109               	bcf	9,2	;volatile
  1261  0136                     l710:
  1262                           
  1263                           ;C:/Users/Andy Bonilla/Documents/GitHub/ED2/pruebaMaster/pruebaMaster2.X/lcd_pablo.c: 11
      +                          :     PORTEbits.RE0 = 1;
  1264  0136  1409               	bsf	9,0	;volatile
  1265  0137                     l712:
  1266                           
  1267                           ;C:/Users/Andy Bonilla/Documents/GitHub/ED2/pruebaMaster/pruebaMaster2.X/lcd_pablo.c: 12
      +                          :     _delay((unsigned long)((5)*(8000000/4000.0)));
  1268  0137  300D               	movlw	13
  1269  0138  00F4               	movwf	??_Lcd_Cmd+1
  1270  0139  30FB               	movlw	251
  1271  013A  00F3               	movwf	??_Lcd_Cmd
  1272  013B                     u127:
  1273  013B  0BF3               	decfsz	??_Lcd_Cmd,f
  1274  013C  293B               	goto	u127
  1275  013D  0BF4               	decfsz	??_Lcd_Cmd+1,f
  1276  013E  293B               	goto	u127
  1277  013F  2940               	nop2
  1278  0140                     l714:
  1279                           
  1280                           ;C:/Users/Andy Bonilla/Documents/GitHub/ED2/pruebaMaster/pruebaMaster2.X/lcd_pablo.c: 13
      +                          :     PORTEbits.RE0 = 0;
  1281  0140  1283               	bcf	3,5	;RP0=0, select bank0
  1282  0141  1303               	bcf	3,6	;RP1=0, select bank0
  1283  0142  1009               	bcf	9,0	;volatile
  1284  0143                     l57:
  1285  0143  0008               	return
  1286  0144                     __end_of_Lcd_Cmd:
  1287                           
  1288                           	psect	text8
  1289  016F                     __ptext8:	
  1290 ;; *************** function _Lcd_Port *****************
  1291 ;; Defined at:
  1292 ;;		line 3 in file "C:/Users/Andy Bonilla/Documents/GitHub/ED2/pruebaMaster/pruebaMaster2.X/lcd_pablo.c"
  1293 ;; Parameters:    Size  Location     Type
  1294 ;;  a               1    wreg     unsigned char 
  1295 ;; Auto vars:     Size  Location     Type
  1296 ;;  a               1    2[COMMON] unsigned char 
  1297 ;; Return value:  Size  Location     Type
  1298 ;;                  1    wreg      void 
  1299 ;; Registers used:
  1300 ;;		wreg
  1301 ;; Tracked objects:
  1302 ;;		On entry : 0/0
  1303 ;;		On exit  : 0/0
  1304 ;;		Unchanged: 0/0
  1305 ;; Data sizes:     COMMON   BANK0   BANK1   BANK3   BANK2
  1306 ;;      Params:         0       0       0       0       0
  1307 ;;      Locals:         1       0       0       0       0
  1308 ;;      Temps:          0       0       0       0       0
  1309 ;;      Totals:         1       0       0       0       0
  1310 ;;Total ram usage:        1 bytes
  1311 ;; Hardware stack levels used: 1
  1312 ;; Hardware stack levels required when called: 1
  1313 ;; This function calls:
  1314 ;;		Nothing
  1315 ;; This function is called by:
  1316 ;;		_Lcd_Cmd
  1317 ;;		_Lcd_Init
  1318 ;;		_Lcd_Write_Char
  1319 ;; This function uses a non-reentrant model
  1320 ;;
  1321                           
  1322                           
  1323                           ;psect for function _Lcd_Port
  1324  016F                     _Lcd_Port:
  1325                           
  1326                           ;incstack = 0
  1327                           ; Regs used in _Lcd_Port: [wreg]
  1328                           ;Lcd_Port@a stored from wreg
  1329  016F  00F2               	movwf	Lcd_Port@a
  1330  0170                     l676:
  1331                           
  1332                           ;C:/Users/Andy Bonilla/Documents/GitHub/ED2/pruebaMaster/pruebaMaster2.X/lcd_pablo.c: 4:
      +                               PORTB = a;
  1333  0170  0872               	movf	Lcd_Port@a,w
  1334  0171  1283               	bcf	3,5	;RP0=0, select bank0
  1335  0172  1303               	bcf	3,6	;RP1=0, select bank0
  1336  0173  0086               	movwf	6	;volatile
  1337  0174                     l54:
  1338  0174  0008               	return
  1339  0175                     __end_of_Lcd_Port:
  1340                           
  1341                           	psect	text9
  1342  0168                     __ptext9:	
  1343 ;; *************** function _isr *****************
  1344 ;; Defined at:
  1345 ;;		line 58 in file "C:/Users/Andy Bonilla/Documents/GitHub/ED2/pruebaMaster/pruebaMaster2.X/mainPrueba2.c"
  1346 ;; Parameters:    Size  Location     Type
  1347 ;;		None
  1348 ;; Auto vars:     Size  Location     Type
  1349 ;;		None
  1350 ;; Return value:  Size  Location     Type
  1351 ;;                  1    wreg      void 
  1352 ;; Registers used:
  1353 ;;		None
  1354 ;; Tracked objects:
  1355 ;;		On entry : 0/0
  1356 ;;		On exit  : 0/0
  1357 ;;		Unchanged: 0/0
  1358 ;; Data sizes:     COMMON   BANK0   BANK1   BANK3   BANK2
  1359 ;;      Params:         0       0       0       0       0
  1360 ;;      Locals:         0       0       0       0       0
  1361 ;;      Temps:          2       0       0       0       0
  1362 ;;      Totals:         2       0       0       0       0
  1363 ;;Total ram usage:        2 bytes
  1364 ;; Hardware stack levels used: 1
  1365 ;; This function calls:
  1366 ;;		Nothing
  1367 ;; This function is called by:
  1368 ;;		Interrupt level 1
  1369 ;; This function uses a non-reentrant model
  1370 ;;
  1371                           
  1372                           
  1373                           ;psect for function _isr
  1374  0168                     _isr:
  1375  0168                     i1l23:
  1376  0168  0871               	movf	??_isr+1,w
  1377  0169  008A               	movwf	10
  1378  016A  0E70               	swapf	??_isr,w
  1379  016B  0083               	movwf	3
  1380  016C  0EFE               	swapf	btemp,f
  1381  016D  0E7E               	swapf	btemp,w
  1382  016E  0009               	retfie
  1383  016F                     __end_of_isr:
  1384  007E                     btemp	set	126	;btemp
  1385  007E                     wtemp0	set	126
  1386                           
  1387                           	psect	intentry
  1388  0004                     __pintentry:	
  1389                           ;incstack = 0
  1390                           ; Regs used in _isr: []
  1391                           
  1392  0004                     interrupt_function:
  1393  007E                     saved_w	set	btemp
  1394  0004  00FE               	movwf	btemp
  1395  0005  0E03               	swapf	3,w
  1396  0006  00F0               	movwf	??_isr
  1397  0007  080A               	movf	10,w
  1398  0008  00F1               	movwf	??_isr+1
  1399  0009  120A  118A  2968   	ljmp	_isr
  1400                           
  1401                           	psect	config
  1402                           
  1403                           ;Config register CONFIG1 @ 0x2007
  1404                           ;	Oscillator Selection bits
  1405                           ;	FOSC = INTRC_NOCLKOUT, INTOSCIO oscillator: I/O function on RA6/OSC2/CLKOUT pin, I/O f
      +                          unction on RA7/OSC1/CLKIN
  1406                           ;	Watchdog Timer Enable bit
  1407                           ;	WDTE = OFF, WDT disabled and can be enabled by SWDTEN bit of the WDTCON register
  1408                           ;	Power-up Timer Enable bit
  1409                           ;	PWRTE = OFF, PWRT disabled
  1410                           ;	RE3/MCLR pin function select bit
  1411                           ;	MCLRE = OFF, RE3/MCLR pin function is digital input, MCLR internally tied to VDD
  1412                           ;	Code Protection bit
  1413                           ;	CP = OFF, Program memory code protection is disabled
  1414                           ;	Data Code Protection bit
  1415                           ;	CPD = OFF, Data memory code protection is disabled
  1416                           ;	Brown Out Reset Selection bits
  1417                           ;	BOREN = OFF, BOR disabled
  1418                           ;	Internal External Switchover bit
  1419                           ;	IESO = OFF, Internal/External Switchover mode is disabled
  1420                           ;	Fail-Safe Clock Monitor Enabled bit
  1421                           ;	FCMEN = OFF, Fail-Safe Clock Monitor is disabled
  1422                           ;	Low Voltage Programming Enable bit
  1423                           ;	LVP = OFF, RB3 pin has digital I/O, HV on MCLR must be used for programming
  1424                           ;	In-Circuit Debugger Mode bit
  1425                           ;	DEBUG = 0x1, unprogrammed default
  1426  2007                     	org	8199
  1427  2007  20D4               	dw	8404
  1428                           
  1429                           ;Config register CONFIG2 @ 0x2008
  1430                           ;	Brown-out Reset Selection bit
  1431                           ;	BOR4V = BOR40V, Brown-out Reset set to 4.0V
  1432                           ;	Flash Program Memory Self Write Enable bits
  1433                           ;	WRT = OFF, Write protection off
  1434  2008                     	org	8200
  1435  2008  3FFF               	dw	16383

Data Sizes:
    Strings     22
    Constant    0
    Data        0
    BSS         0
    Persistent  0
    Stack       0

Auto Spaces:
    Space          Size  Autos    Used
    COMMON           14     10      10
    BANK0            80      0       0
    BANK1            80      0       0
    BANK3            96      0       0
    BANK2            96      0       0

Pointer List with Targets:

    Lcd_Write_String@a	PTR unsigned char  size(1) Largest target is 13
		 -> STR_2(CODE[9]), STR_1(CODE[13]), 


Critical Paths under _main in COMMON

    _main->_Lcd_Set_Cursor
    _setup->_osc_config
    _Lcd_Write_String->_Lcd_Write_Char
    _Lcd_Write_Char->_Lcd_Port
    _Lcd_Set_Cursor->_Lcd_Cmd
    _Lcd_Init->_Lcd_Cmd
    _Lcd_Cmd->_Lcd_Port

Critical Paths under _isr in COMMON

    None.

Critical Paths under _main in BANK0

    None.

Critical Paths under _isr in BANK0

    None.

Critical Paths under _main in BANK1

    None.

Critical Paths under _isr in BANK1

    None.

Critical Paths under _main in BANK3

    None.

Critical Paths under _isr in BANK3

    None.

Critical Paths under _main in BANK2

    None.

Critical Paths under _isr in BANK2

    None.

Call Graph Tables:

 ---------------------------------------------------------------------------------
 (Depth) Function   	        Calls       Base Space   Used Autos Params    Refs
 ---------------------------------------------------------------------------------
 (0) _main                                                 0     0      0     562
                           _Lcd_Init
                     _Lcd_Set_Cursor
                   _Lcd_Write_String
                              _setup
 ---------------------------------------------------------------------------------
 (1) _setup                                                0     0      0      15
                         _osc_config
 ---------------------------------------------------------------------------------
 (2) _osc_config                                           3     3      0      15
                                              2 COMMON     3     3      0
 ---------------------------------------------------------------------------------
 (1) _Lcd_Write_String                                     3     3      0     186
                                              5 COMMON     3     3      0
                     _Lcd_Write_Char
 ---------------------------------------------------------------------------------
 (2) _Lcd_Write_Char                                       2     2      0      30
                                              3 COMMON     2     2      0
                           _Lcd_Port
 ---------------------------------------------------------------------------------
 (1) _Lcd_Set_Cursor                                       4     3      1     316
                                              6 COMMON     4     3      1
                            _Lcd_Cmd
 ---------------------------------------------------------------------------------
 (1) _Lcd_Init                                             2     2      0      45
                                              6 COMMON     2     2      0
                            _Lcd_Cmd
                           _Lcd_Port
 ---------------------------------------------------------------------------------
 (2) _Lcd_Cmd                                              3     3      0      30
                                              3 COMMON     3     3      0
                           _Lcd_Port
 ---------------------------------------------------------------------------------
 (3) _Lcd_Port                                             1     1      0      15
                                              2 COMMON     1     1      0
 ---------------------------------------------------------------------------------
 Estimated maximum stack depth 3
 ---------------------------------------------------------------------------------
 (Depth) Function   	        Calls       Base Space   Used Autos Params    Refs
 ---------------------------------------------------------------------------------
 (4) _isr                                                  2     2      0       0
                                              0 COMMON     2     2      0
 ---------------------------------------------------------------------------------
 Estimated maximum stack depth 4
 ---------------------------------------------------------------------------------

 Call Graph Graphs:

 _main (ROOT)
   _Lcd_Init
     _Lcd_Cmd
       _Lcd_Port
     _Lcd_Port
   _Lcd_Set_Cursor
     _Lcd_Cmd
   _Lcd_Write_String
     _Lcd_Write_Char
       _Lcd_Port
   _setup
     _osc_config

 _isr (ROOT)

 Address spaces:
Name               Size   Autos  Total    Cost      Usage
BITCOMMON            E      0       0       0        0.0%
EEDATA             100      0       0       0        0.0%
NULL                 0      0       0       0        0.0%
CODE                 0      0       0       0        0.0%
COMMON               E      A       A       1       71.4%
BITSFR0              0      0       0       1        0.0%
SFR0                 0      0       0       1        0.0%
BITSFR1              0      0       0       2        0.0%
SFR1                 0      0       0       2        0.0%
STACK                0      0       0       2        0.0%
ABS                  0      0       0       3        0.0%
BITBANK0            50      0       0       4        0.0%
BITSFR3              0      0       0       4        0.0%
SFR3                 0      0       0       4        0.0%
BANK0               50      0       0       5        0.0%
BITSFR2              0      0       0       5        0.0%
SFR2                 0      0       0       5        0.0%
BITBANK1            50      0       0       6        0.0%
BANK1               50      0       0       7        0.0%
BITBANK3            60      0       0       8        0.0%
BANK3               60      0       0       9        0.0%
BITBANK2            60      0       0      10        0.0%
BANK2               60      0       0      11        0.0%
DATA                 0      0       0      12        0.0%


Microchip Technology PIC Macro Assembler V2.32 build 20210201212658 
Symbol Table                                                                                   Mon Aug 30 13:07:59 2021

                        pc 0002                         l34 0167                         l45 009B  
                       l54 0174                         l72 0158                         l57 0143  
                       l66 010E                         l69 0064                         l78 00EA  
                       u40 00F1                         u41 00F0                         u50 0103  
                       u51 0102                         u60 00EA                         u61 00E9  
                       u77 0152                         u87 0017                         u97 0025  
                       fsr 0004                        l710 0136                        l712 0137  
                      l704 012C                        l720 014E                        l714 0140  
                      l706 0132                        l810 00EC                        l722 014F  
                      l730 0161                        l708 0135                        l740 0035  
                      l732 0013                        l820 0108                        l812 00F1  
                      l724 0150                        l716 0145                        l750 0058  
                      l742 0040                        l734 001B                        l814 00F6  
                      l726 0155                        l718 014B                        l822 00C7  
                      l830 009C                        l752 005E                        l744 0046  
                      l736 0021                        l816 00FD                        l824 00CA  
                      l680 0067                        l728 0159                        l832 00A1  
                      l746 004C                        l738 0030                        l818 0103  
                      l826 00D7                        l690 007D                        l682 006D  
                      l834 00A6                        l676 0170                        l748 0052  
                      l828 00DD                        l860 008D                        l692 007F  
                      l684 006F                        l836 00B4                        l694 0083  
                      l686 0075                        l678 0066                        l838 00BC  
                      l688 0077                        l698 0085                        u107 0032  
                      u117 003D                        u127 013B                        _isr 0168  
                      fsr0 0004                       ?_isr 0070                       STR_1 0115  
                     STR_2 0122                       i1l23 0168          ?_Lcd_Write_String 0070  
                     _main 009C                       btemp 007E                       start 000C  
       ??_Lcd_Write_String 0075             osc_config@freq 0074            __end_of_Lcd_Cmd 0144  
                    ??_isr 0070                      ?_main 0070                      _ANSEL 0188  
                    _PORTB 0006    __size_of_Lcd_Set_Cursor 0024                      _TRISB 0086  
                    _TRISE 0089                      _setup 0159                      pclath 000A  
                    status 0003                      wtemp0 007E           __end_of_Lcd_Init 0065  
         __end_of_Lcd_Port 0175            __initialization 000F               __end_of_main 00C6  
                   ??_main 007A                     ?_setup 0070                     _ANSELH 0189  
                ??_Lcd_Cmd 0073    __size_of_Lcd_Write_Char 0015                     saved_w 007E  
          Lcd_Set_Cursor@a 0078            Lcd_Set_Cursor@b 0076    __end_of__initialization 000F  
           __pcstackCOMMON 0070              __end_of_setup 0168             _Lcd_Set_Cursor 00EB  
                ?_Lcd_Init 0070                  ?_Lcd_Port 0070                    ??_setup 0075  
               __pmaintext 009C                 __pintentry 0004  __size_of_Lcd_Write_String 0025  
   __end_of_Lcd_Set_Cursor 010F                 ??_Lcd_Init 0076                 ??_Lcd_Port 0072  
               __stringtab 010F             _Lcd_Write_Char 0144                    _Lcd_Cmd 012B  
          ?_Lcd_Set_Cursor 0076                    __ptext1 0159                    __ptext2 0065  
                  __ptext3 00C6                    __ptext4 0144                    __ptext5 00EB  
                  __ptext6 0013                    __ptext7 012B                    __ptext8 016F  
                  __ptext9 0168               __size_of_isr 0007     __end_of_Lcd_Write_Char 0159  
     end_of_initialization 000F                 _osc_config 0065                  Lcd_Port@a 0072  
                _PORTEbits 0009            ?_Lcd_Write_Char 0070          Lcd_Write_String@a 0077  
        Lcd_Write_String@i 0075           _Lcd_Write_String 00C6        start_initialization 000F  
              __end_of_isr 016F          __size_of_Lcd_Init 0052          __size_of_Lcd_Port 0006  
              ?_osc_config 0070            Lcd_Write_Char@a 0074                  ___latbits 0002  
                 ?_Lcd_Cmd 0070           ??_Lcd_Set_Cursor 0077                  __pstrings 010F  
      __size_of_osc_config 0037             __size_of_setup 000F          interrupt_function 0004  
                 Lcd_Cmd@a 0075                __stringbase 0114           ??_Lcd_Write_Char 0073  
                 _Lcd_Init 0013                   _Lcd_Port 016F   __end_of_Lcd_Write_String 00EB  
         __size_of_Lcd_Cmd 0019         __end_of__stringtab 0115               ??_osc_config 0072  
            __size_of_main 002A         __end_of_osc_config 009C                   intlevel1 0000  
                stringcode 010F                 _OSCCONbits 008F         Lcd_Set_Cursor@temp 0079  
                 stringdir 010F                   stringtab 010F  
